AB1B8DCF8,Adeu Rinpoche Series,https://github.com/OpenPecha/AB1B8DCF8
ADA5B3BED,Adzom Drukpa Series,https://github.com/OpenPecha/ADA5B3BED
AE8C87978,Akhyuk Rinpoche Lungtok Gyaltsen,https://github.com/OpenPecha/AE8C87978
A578DD4E5,Alak Zenkar Pema Ngödrup Rolwe Dorje,https://github.com/OpenPecha/A578DD4E5
A7DCBAB33,Amdo Geshe Jampal Rolwé Lodrö,https://github.com/OpenPecha/A7DCBAB33
AD789898E,Apang Tertön Series,https://github.com/OpenPecha/AD789898E
AAEA1BB7F,Bengar Jampal Zangpo,https://github.com/OpenPecha/AAEA1BB7F
A7F86E76B,Butön Rinchen Drup Series,https://github.com/OpenPecha/A7F86E76B
A1261234F,Chatral Rinpoche,https://github.com/OpenPecha/A1261234F
A2BB0BC31,Chögyal Pakpa Lodrö Gyaltsen,https://github.com/OpenPecha/A2BB0BC31
A612E6C9F,Chöje Lingpa Series,https://github.com/OpenPecha/A612E6C9F
AC11B1C05,Chokgyur Dechen Lingpa,https://github.com/OpenPecha/AC11B1C05
A1081463F,Chokling Tersé Tulku,https://github.com/OpenPecha/A1081463F
A8946303C,Chöying Tobden Dorje,https://github.com/OpenPecha/A8946303C
AEA68E205,Dampa Rinpoche Ngawang Lodrö Nyingpo,https://github.com/OpenPecha/AEA68E205
A5A48B4AE,Dezhung Rinpoche Series,https://github.com/OpenPecha/A5A48B4AE
A0A83788B,Dilgo Khyentse Rinpoche Series,https://github.com/OpenPecha/A0A83788B
AA8A48456,Do Khyentse Yeshe Dorje Series,https://github.com/OpenPecha/AA8A48456
AF929793F,Dodrupchen Jigme Tenpe Nyima Series,https://github.com/OpenPecha/AF929793F
A432A5B89,Dodrupchen Jigme Trinle Özer Series,https://github.com/OpenPecha/A432A5B89
A4EF4AD7A,Dolpopa Sherab Gyaltsen,https://github.com/OpenPecha/A4EF4AD7A
AFC875D54,Dorje Dechen Lingpa Series,https://github.com/OpenPecha/AFC875D54
A16245EEF,Drikung Kyobpa Jikten Sumgön,https://github.com/OpenPecha/A16245EEF
A7DEACA45,Drikung Tertön Ösel Dorje,https://github.com/OpenPecha/A7DEACA45
AB7F2EEEB,Drimé Ösal Lingpa Series,https://github.com/OpenPecha/AB7F2EEEB
A9156C5CC,Drukpa Kunley Series,https://github.com/OpenPecha/A9156C5CC
A6343A3DD,Dudjom Lingpa Series,https://github.com/OpenPecha/A6343A3DD
A5A8C570B,Dudjom Rinpoche Series,https://github.com/OpenPecha/A5A8C570B
A469A75A8,Dzogchen Pema Rigdzin Series,https://github.com/OpenPecha/A469A75A8
ADBA471A5,Dzong-ngön Pema Tukchok Dorje,https://github.com/OpenPecha/ADBA471A5
A4C092EB9,Dzongter Kunzang Nyima,https://github.com/OpenPecha/A4C092EB9
A68802AF8,Fifteenth Karmapa Series,https://github.com/OpenPecha/A68802AF8
AEC38C4A4,Fifth Dalai Lama Series,https://github.com/OpenPecha/AEC38C4A4
A93A9F44F,Fifth Dodrupchen Rinpoche Series,https://github.com/OpenPecha/A93A9F44F
A2F482285,Fifth Dzogchen Rinpoche,https://github.com/OpenPecha/A2F482285
A68580FD4,Fifth Shamarpa,https://github.com/OpenPecha/A68580FD4
ADA967EEC,Fourteenth Dalai Lama Series,https://github.com/OpenPecha/ADA967EEC
AFF4FCA3B,Fourteenth Karmapa Series,https://github.com/OpenPecha/AFF4FCA3B
A1B9DB1BF,Fourth Dodrupchen Rinpoche Series,https://github.com/OpenPecha/A1B9DB1BF
ACDBC9771,Fourth Dodrupchen Rinpoche, Jalü Dorje,https://github.com/OpenPecha/ACDBC9771
A0C22FF31,Ga Rabjampa Kunga Yeshe,https://github.com/OpenPecha/A0C22FF31
A2B88133B,Gampopa Series,https://github.com/OpenPecha/A2B88133B
AC27756F6,Garwang Chökyi Gyaltsen,https://github.com/OpenPecha/AC27756F6
A36DD4602,Gatön Ngawang Lekpa Series,https://github.com/OpenPecha/A36DD4602
A47FCDB15,Gönpo Tseten Rinpoche Series,https://github.com/OpenPecha/A47FCDB15
A748FE49B,Gorampa Sonam Senge,https://github.com/OpenPecha/A748FE49B
A0DB1A5D1,Götsangpa Gönpo Dorje,https://github.com/OpenPecha/A0DB1A5D1
AA0433F6F,Guru Chökyi Wangchuk,https://github.com/OpenPecha/AA0433F6F
AC727C4A8,Gyalse Shenpen Thaye Series,https://github.com/OpenPecha/AC727C4A8
A39837909,Gyalse Tokme Zangpo,https://github.com/OpenPecha/A39837909
AB04C7A5B,Gyalwa Yangönpa,https://github.com/OpenPecha/AB04C7A5B
A828E5F45,Gyarong Khandro Series,https://github.com/OpenPecha/A828E5F45
AD7F99499,Jamgön Kongtrul Lodrö Thaye Series,https://github.com/OpenPecha/AD7F99499
ACE200B53,Jampal Dewe Nyima Series,https://github.com/OpenPecha/ACE200B53
AD0EC38EC,Jamyang Gyaltsen Series,https://github.com/OpenPecha/AD0EC38EC
AA2348808,Jamyang Khyenrab Tayé Series,https://github.com/OpenPecha/AA2348808
A890DFA86,Jamyang Khyentse Chökyi Lodrö Series,https://github.com/OpenPecha/A890DFA86
A1DBF0186,Jamyang Khyentse Wangpo Series,https://github.com/OpenPecha/A1DBF0186
AE1ADD143,Jamyang Loter Wangpo Series,https://github.com/OpenPecha/AE1ADD143
A0E3404AA,Jatsön Nyingpo Series,https://github.com/OpenPecha/A0E3404AA
A388B6DE4,Jetsün Drakpa Gyaltsen Series,https://github.com/OpenPecha/A388B6DE4
A088C862C,Jetsün Mingyur Paldrön,https://github.com/OpenPecha/A088C862C
A49413E2B,Jetsünma Muntso Rinpoche,https://github.com/OpenPecha/A49413E2B
A5E25A652,Jigme Lingpa Series,https://github.com/OpenPecha/A5E25A652
ACD2FEDB3,Jigme Tenpé Wangchuk Series,https://github.com/OpenPecha/ACD2FEDB3
A7844CD4B,Jokyab Pema Trinlé Nyingpo,https://github.com/OpenPecha/A7844CD4B
A9F9294BB,Kachöpa Series,https://github.com/OpenPecha/A9F9294BB
A14829274,Karma Lingpa,https://github.com/OpenPecha/A14829274
ACACCCCED,Karse Kongtrul Khyentse Özer,https://github.com/OpenPecha/ACACCCCED
AB44AEE50,Katok Dampa Deshek Series,https://github.com/OpenPecha/AB44AEE50
A656F223D,Katok Getse Gyurme Tenpa Gyaltsen,https://github.com/OpenPecha/A656F223D
A37890190,Katok Rigdzin Chenpo,https://github.com/OpenPecha/A37890190
AD95E5395,Katok Situ Chökyi Gyatso Series,https://github.com/OpenPecha/AD95E5395
A89AB491E,Khandro Tāre Lhamo Series,https://github.com/OpenPecha/A89AB491E
ACEBF7FBF,Khandro Tsering Chödrön Series,https://github.com/OpenPecha/ACEBF7FBF
A7111227F,Khenchen Jigme Phuntsok Series,https://github.com/OpenPecha/A7111227F
AF65CED3E,Khenchen Ngawang Lodrö Rinchen,https://github.com/OpenPecha/AF65CED3E
AE10AA016,Khenchen Ngawang Palzang Series,https://github.com/OpenPecha/AE10AA016
A44C7747B,Khenpo Chimé Rigdzin Series,https://github.com/OpenPecha/A44C7747B
A82A92FBC,Khenpo Gangshar Wangpo,https://github.com/OpenPecha/A82A92FBC
A8399F1F6,Khenpo Pema Vajra Series,https://github.com/OpenPecha/A8399F1F6
A02D09CDE,Patrul Rinpoche Series,https://github.com/OpenPecha/A02D09CDE
A1E581785,Pawo Lerab Tsal Series,https://github.com/OpenPecha/A1E581785
A45655A96,Pema Lingpa Series,https://github.com/OpenPecha/A45655A96
AF3F72863,Pewar Rinpoche,https://github.com/OpenPecha/AF3F72863
ADC3DCFCE,Rago Choktrul Tupten Shedrup Gyatso,https://github.com/OpenPecha/ADC3DCFCE
A6188168B,Rangrik Dorje Series,https://github.com/OpenPecha/A6188168B
A05008636,Ratna Lingpa Series,https://github.com/OpenPecha/A05008636
A5F6B11B6,Rendawa Series,https://github.com/OpenPecha/A5F6B11B6
A31980F43,Rigdzin Gödem,https://github.com/OpenPecha/A31980F43
AC3BB6634,Rigdzin Nyima Drakpa,https://github.com/OpenPecha/AC3BB6634
A6E242840,Rongtön Sheja Künrig Series,https://github.com/OpenPecha/A6E242840
A4955A6A4,Rongzom Chökyi Zangpo,https://github.com/OpenPecha/A4955A6A4
AAF475BF4,Sakya Paṇḍita Series,https://github.com/OpenPecha/AAF475BF4
AAE4F012C,Sakya Trichen,https://github.com/OpenPecha/AAE4F012C
A84A79C89,Samten Lingpa Series,https://github.com/OpenPecha/A84A79C89
A77B9728C,Sera Khandro Series,https://github.com/OpenPecha/A77B9728C
A4A27C44B,Seventh Dalai Lama Series,https://github.com/OpenPecha/A4A27C44B
A4F684DB4,Shabkar Tsokdruk Rangdrol Series,https://github.com/OpenPecha/A4F684DB4
AF14ABE37,Shakya Shri Series,https://github.com/OpenPecha/AF14ABE37
A24E62DB1,Shamar Chökyi Wangchuk,https://github.com/OpenPecha/A24E62DB1
A42111E94,Shechen Gyaltsab Gyurme Pema Namgyal,https://github.com/OpenPecha/A42111E94
A86F9F413,Shechen Kongtrul Series,https://github.com/OpenPecha/A86F9F413
ACAA03671,Shechen Rabjam Rinpoche Series,https://github.com/OpenPecha/ACAA03671
ADD3BA0CA,Sherab Özer Series,https://github.com/OpenPecha/ADD3BA0CA
ABDDBEBB4,Shikpo Lingpa Series,https://github.com/OpenPecha/ABDDBEBB4
AB3AA77A4,Situ Pema Nyinjé Wangpo,https://github.com/OpenPecha/AB3AA77A4
AED7C7440,Khenpo Shenpen Nangwa Series,https://github.com/OpenPecha/AED7C7440
ADD2A843A,Khenpo Tsöndrü Series,https://github.com/OpenPecha/ADD2A843A
A6B8BD8FB,Khyenrab Chökyi Özer Series,https://github.com/OpenPecha/A6B8BD8FB
A6E8AB93E,Könchok Tenpe Drönme Series,https://github.com/OpenPecha/A6E8AB93E
AC4766658,Lachung Apo Series,https://github.com/OpenPecha/AC4766658
A808A89AB,Lala Sonam Chödrup Series,https://github.com/OpenPecha/A808A89AB
A30CA2293,Lama Rigdzin Nyima Series,https://github.com/OpenPecha/A30CA2293
AADD77D32,Lelung Shepé Dorje Series,https://github.com/OpenPecha/AADD77D32
A262C155E,Lhatsün Namkha Jigme Series,https://github.com/OpenPecha/A262C155E
A010E4DC1,Lhodrak Namkha Gyaltsen,https://github.com/OpenPecha/A010E4DC1
A0626F20F,Lobzang Chökyi Gyaltsen,https://github.com/OpenPecha/A0626F20F
A212BBB7E,Lochen Chönyi Zangmo,https://github.com/OpenPecha/A212BBB7E
AC94EB581,Lochen Dharmaśrī Series,https://github.com/OpenPecha/AC94EB581
ADF9B94C1,Lodi Gyari Rinpoche,https://github.com/OpenPecha/ADF9B94C1
ABE9FE5B7,Longchen Rabjam Series,https://github.com/OpenPecha/ABE9FE5B7
A932F7CCC,Longsal Nyingpo Series,https://github.com/OpenPecha/A932F7CCC
A4D9267C7,Machik Labdrön Series,https://github.com/OpenPecha/A4D9267C7
AD1994481,Marpa Lotsāwa Series,https://github.com/OpenPecha/AD1994481
A48D2E253,Mayum Tsering Wangmo Series,https://github.com/OpenPecha/A48D2E253
AFA422EFE,Menlungpa Mikyö Dorje,https://github.com/OpenPecha/AFA422EFE
A70F65B24,Metrul Tendzin Gyatso Series,https://github.com/OpenPecha/A70F65B24
A728CB972,Milarepa Series,https://github.com/OpenPecha/A728CB972
A42EEE127,Minling Chung Rinpoche Series,https://github.com/OpenPecha/A42EEE127
A22078DD2,Minling Terchen Gyurme Dorje Series,https://github.com/OpenPecha/A22078DD2
A4EF9F6C7,Mipham Rinpoche Series,https://github.com/OpenPecha/A4EF9F6C7
AA3AA7E3B,Namkha Drimed Rinpoche Series,https://github.com/OpenPecha/AA3AA7E3B
A49B59991,Namkha Tsewang Chokdrup Series,https://github.com/OpenPecha/A49B59991
AFC299A39,Ngawang Samten Lodrö Series,https://github.com/OpenPecha/AFC299A39
A75D18EFE,Ngawang Tenzin Norbu Series,https://github.com/OpenPecha/A75D18EFE
A0A201CED,Ngawang Tenzin Norbu Series,https://github.com/OpenPecha/A0A201CED
A99C16412,Ngorchen Könchok Lhundrup,https://github.com/OpenPecha/A99C16412
ADAB7467B,Ngorchen Kunga Zangpo,https://github.com/OpenPecha/ADAB7467B
ACB6CCACF,Ngulchu Dharmabhadra Series,https://github.com/OpenPecha/ACB6CCACF
A93F10D9F,Nubchen Sangye Yeshe,https://github.com/OpenPecha/A93F10D9F
A2455A4B5,Nyala Pema Dündul Series,https://github.com/OpenPecha/A2455A4B5
AB0843C4C,Nyangral Nyima Özer Series,https://github.com/OpenPecha/AB0843C4C
A4BBB97DC,Nyoshul Khenpo Jamyang Dorje,https://github.com/OpenPecha/A4BBB97DC
ABA898420,Nyoshul Lungtok Series,https://github.com/OpenPecha/ABA898420
A2BF10739,Orgyen Tobgyal Rinpoche Series,https://github.com/OpenPecha/A2BF10739
AF1D22797,Pakchok Dorje Series,https://github.com/OpenPecha/AF1D22797
A87A8E73F,Paksam Wangpo Series,https://github.com/OpenPecha/A87A8E73F
A4A5EE452,Pari Lobzang Rabsal,https://github.com/OpenPecha/A4A5EE452
ABD6D4D8A,Patrul Rinpoche Series,https://github.com/OpenPecha/ABD6D4D8A
A8E2EF294,Pawo Lerab Tsal Series,https://github.com/OpenPecha/A8E2EF294
AEEBEFF4E,Pema Lingpa Series,https://github.com/OpenPecha/AEEBEFF4E
AEEF94713,Pewar Rinpoche,https://github.com/OpenPecha/AEEF94713
A6AC46A14,Rago Choktrul Tupten Shedrup Gyatso,https://github.com/OpenPecha/A6AC46A14
AD5776CCB,Rangrik Dorje Series,https://github.com/OpenPecha/AD5776CCB
AC2438265,Ratna Lingpa Series,https://github.com/OpenPecha/AC2438265
A91F1C6FF,Rendawa Series,https://github.com/OpenPecha/A91F1C6FF
A2CBCFC99,Rigdzin Gödem,https://github.com/OpenPecha/A2CBCFC99
A6F42315B,Rigdzin Nyima Drakpa,https://github.com/OpenPecha/A6F42315B
ADC5CDF35,Rongtön Sheja Künrig Series,https://github.com/OpenPecha/ADC5CDF35
AB31AC9A3,Rongzom Chökyi Zangpo,https://github.com/OpenPecha/AB31AC9A3
A83A88544,Sakya Paṇḍita Series,https://github.com/OpenPecha/A83A88544
A77137818,Sakya Trichen,https://github.com/OpenPecha/A77137818
AC4160E45,Samten Lingpa Series,https://github.com/OpenPecha/AC4160E45
ACD9292D3,Sera Khandro Series,https://github.com/OpenPecha/ACD9292D3
A80959627,Seventh Dalai Lama Series,https://github.com/OpenPecha/A80959627
A98271549,Shabkar Tsokdruk Rangdrol Series,https://github.com/OpenPecha/A98271549
ACBEB338C,Shakya Shri Series,https://github.com/OpenPecha/ACBEB338C
AC6232C9C,Shamar Chökyi Wangchuk,https://github.com/OpenPecha/AC6232C9C
AE6BF8FA2,Shechen Gyaltsab Gyurme Pema Namgyal,https://github.com/OpenPecha/AE6BF8FA2
A74E5A605,Shechen Kongtrul Series,https://github.com/OpenPecha/A74E5A605
AB28C6A01,Shechen Rabjam Rinpoche Series,https://github.com/OpenPecha/AB28C6A01
A5845DC8F,Sherab Özer Series,https://github.com/OpenPecha/A5845DC8F
A97B48DB5,Shikpo Lingpa Series,https://github.com/OpenPecha/A97B48DB5
A721AEA5B,Situ Pema Nyinjé Wangpo,https://github.com/OpenPecha/A721AEA5B
AA22F46F9,Sixteenth Karmapa Series,https://github.com/OpenPecha/AA22F46F9
A306066AB,Songtsen Gampo Series,https://github.com/OpenPecha/A306066AB
A16949997,Tamdrin Gönpo Series,https://github.com/OpenPecha/A16949997
A3857E433,Tarthang Tulku,https://github.com/OpenPecha/A3857E433
AE45358EB,Tashi Tobgyal,https://github.com/OpenPecha/AE45358EB
ACF432440,Tenth Paṇchen Lama Series,https://github.com/OpenPecha/ACF432440
AB663A894,Tenth Pawo Rinpoche Series,https://github.com/OpenPecha/AB663A894
A571C07C1,Tertön Mingyur Dorje Series,https://github.com/OpenPecha/A571C07C1
AC4DB1517,Tertön Sogyal Series,https://github.com/OpenPecha/AC4DB1517
A0C1FF98A,Thangtong Gyalpo Series,https://github.com/OpenPecha/A0C1FF98A
AE5C38B4D,Thinley Norbu Rinpoche,https://github.com/OpenPecha/AE5C38B4D
AAA4934A8,Third Karmapa Series,https://github.com/OpenPecha/AAA4934A8
A2087B393,Thirteenth Dalai Lama Series,https://github.com/OpenPecha/A2087B393
A01D7A71D,Tra Gelong Tsultrim Dargye,https://github.com/OpenPecha/A01D7A71D
A53558063,Tri Songdetsen Series,https://github.com/OpenPecha/A53558063
A1C3E236A,Trulshik Dongak Lingpa Series,https://github.com/OpenPecha/A1C3E236A
A49F1408C,Trulshik Rinpoche Series,https://github.com/OpenPecha/A49F1408C
AC86E4BB5,Tsangpa Gyare Yeshe Dorje,https://github.com/OpenPecha/AC86E4BB5
A34CE9542,Tsarchen Losal Gyatso,https://github.com/OpenPecha/A34CE9542
AB8B0CBA9,Tsongkhapa Lobzang Drakpa Series,https://github.com/OpenPecha/AB8B0CBA9
A707FA841,Tsultrim Zangpo,https://github.com/OpenPecha/A707FA841
A46889A88,Tulku Thondup,https://github.com/OpenPecha/A46889A88
A78EA420D,Tulku Urgyen Rinpoche,https://github.com/OpenPecha/A78EA420D
AF71716AE,Tulku Zangpo Drakpa,https://github.com/OpenPecha/AF71716AE
AAC104700,Tupten Chöpel,https://github.com/OpenPecha/AAC104700
A80681840,Vairotsana Series,https://github.com/OpenPecha/A80681840
AABF5AA26,Yangthang Rinpoche Series,https://github.com/OpenPecha/AABF5AA26
A297EEBC4,Yeshe Dorje,https://github.com/OpenPecha/A297EEBC4
A13F43013,Yeshe Tsogyal Series,https://github.com/OpenPecha/A13F43013
ABCF7C7ED,Yukhok Chöying Rangdrol Series,https://github.com/OpenPecha/ABCF7C7ED
A9BF94DD5,Words of the Buddha,https://github.com/OpenPecha/A9BF94DD5
A5A125959,Āryaśūra Series,https://github.com/OpenPecha/A5A125959
A40F05C71,Aśvaghoṣa Series,https://github.com/OpenPecha/A40F05C71
AA604938F,Atiśa Dīpaṃkara Series,https://github.com/OpenPecha/AA604938F
A5EA7D245,Buddha Śākyamuni,https://github.com/OpenPecha/A5EA7D245
A4AFF4E8A,Candragomin Series,https://github.com/OpenPecha/A4AFF4E8A
A8F8270F0,Dharmakīrti Series,https://github.com/OpenPecha/A8F8270F0
A2E3BF133,Garab Dorje,https://github.com/OpenPecha/A2E3BF133
AC6965060,Haribhadra Series,https://github.com/OpenPecha/AC6965060
A724455B6,Bhikṣuṇī Lakṣmī,https://github.com/OpenPecha/A724455B6
A99EE8848,Mandāravā Series,https://github.com/OpenPecha/A99EE8848
A713F3974,Mātṛcetra,https://github.com/OpenPecha/A713F3974
A8BDDFCDE,Nāgārjuna,https://github.com/OpenPecha/A8BDDFCDE
A52882A5B,Nāropa,https://github.com/OpenPecha/A52882A5B
ADD0D4A6A,Padampa Sangye,https://github.com/OpenPecha/ADD0D4A6A
A53340A40,Padmasambhava,https://github.com/OpenPecha/A53340A40
A0C47F1F5,Kashmiri Śākyaśrībhadra,https://github.com/OpenPecha/A0C47F1F5
AC77D9F73,Śāntarakṣita,https://github.com/OpenPecha/AC77D9F73
A6B66C466,Śāntideva Series,https://github.com/OpenPecha/A6B66C466
ADD8A5252,Śāntigarbha,https://github.com/OpenPecha/ADD8A5252
A06E55785,Śavari,https://github.com/OpenPecha/A06E55785
A6403FF8A,Smṛtijñānakīrti,https://github.com/OpenPecha/A6403FF8A
A12855B73,Vajrāyudha,https://github.com/OpenPecha/A12855B73
ADEEFEF9F,Vasubandhu,https://github.com/OpenPecha/ADEEFEF9F
A3FF3388E,Vimalamitra,https://github.com/OpenPecha/A3FF3388E
AC664B48A,Virūpa,https://github.com/OpenPecha/AC664B48A
AAB666744,Abhidharma Series,https://github.com/OpenPecha/AAB666744
A4B0F0D4E,Acala Series,https://github.com/OpenPecha/A4B0F0D4E
A9FF99968,Advice Series,https://github.com/OpenPecha/A9FF99968
AEBA1AE96,Akṣobhya Series,https://github.com/OpenPecha/AEBA1AE96
AA5C61AD8,Amitābha and Sukhāvatī Series,https://github.com/OpenPecha/AA5C61AD8
A9C7CC2C5,Amitāyus Series,https://github.com/OpenPecha/A9C7CC2C5
AE6466B6D,Aspiration Prayers,https://github.com/OpenPecha/AE6466B6D
A9535C25A,Astrology Series,https://github.com/OpenPecha/A9535C25A
